<?xml version="1.0" encoding="UTF-8"?>
<testng-results skipped="0" failed="0" total="1" passed="1">
  <reporter-output>
  </reporter-output>
  <suite name="Default suite" duration-ms="55233" started-at="2021-12-16T11:48:29Z" finished-at="2021-12-16T11:49:24Z">
    <groups>
      <group name="cucumber">
        <method signature="AbstractTestNGCucumberTests.feature(cucumber.api.testng.CucumberFeatureWrapper)[pri:0, instance:TestRunner.TestRun@691a7f8f]" name="feature" class="cucumber.api.testng.AbstractTestNGCucumberTests"/>
      </group> <!-- cucumber -->
    </groups>
    <test name="Default test" duration-ms="55233" started-at="2021-12-16T11:48:29Z" finished-at="2021-12-16T11:49:24Z">
      <class name="TestRunner.TestRun">
        <test-method status="PASS" signature="setUpClass()[pri:0, instance:TestRunner.TestRun@691a7f8f]" name="setUpClass" is-config="true" duration-ms="418" started-at="2021-12-16T17:18:29Z" finished-at="2021-12-16T17:18:29Z">
          <reporter-output>
          </reporter-output>
        </test-method> <!-- setUpClass -->
        <test-method status="PASS" signature="feature(cucumber.api.testng.CucumberFeatureWrapper)[pri:0, instance:TestRunner.TestRun@691a7f8f]" name="feature" duration-ms="54409" started-at="2021-12-16T17:18:30Z" description="Runs Cucumber Feature" data-provider="features" finished-at="2021-12-16T17:19:24Z">
          <params>
            <param index="0">
              <value>
                <![CDATA[Log in Funtionality]]>
              </value>
            </param>
          </params>
          <reporter-output>
          </reporter-output>
        </test-method> <!-- feature -->
        <test-method status="PASS" signature="tearDownClass()[pri:0, instance:TestRunner.TestRun@691a7f8f]" name="tearDownClass" is-config="true" duration-ms="274" started-at="2021-12-16T17:19:24Z" finished-at="2021-12-16T17:19:24Z">
          <reporter-output>
          </reporter-output>
        </test-method> <!-- tearDownClass -->
      </class> <!-- TestRunner.TestRun -->
    </test> <!-- Default test -->
  </suite> <!-- Default suite -->
</testng-results>
